GROUP,PACKAGE,CLASS,INSTRUCTION_MISSED,INSTRUCTION_COVERED,BRANCH_MISSED,BRANCH_COVERED,LINE_MISSED,LINE_COVERED,COMPLEXITY_MISSED,COMPLEXITY_COVERED,METHOD_MISSED,METHOD_COVERED
demo,com.example.demo,VolunteerController,52,6,4,0,14,3,7,1,5,1
demo,com.example.demo,TaskController,52,6,4,0,14,3,7,1,5,1
demo,com.example.demo,TaskServiceImpl,56,6,0,0,12,3,6,1,6,1
demo,com.example.demo,Task,54,3,0,0,19,2,10,1,10,1
demo,com.example.demo,DemoApplication,5,3,0,0,2,1,1,1,1,1
demo,com.example.demo,VolunteerServiceImpl,72,6,0,0,16,3,6,1,6,1
demo,com.example.demo,WebConfig,0,41,0,0,0,6,0,2,0,2
demo,com.example.demo,Volunteer,131,8,0,0,44,3,22,1,22,1
