GROUP,PACKAGE,CLASS,INSTRUCTION_MISSED,INSTRUCTION_COVERED,BRANCH_MISSED,BRANCH_COVERED,LINE_MISSED,LINE_COVERED,COMPLEXITY_MISSED,COMPLEXITY_COVERED,METHOD_MISSED,METHOD_COVERED
demo,com.example.demo,VolunteerController,0,58,0,4,0,17,0,8,0,6
demo,com.example.demo,TaskController,52,6,4,0,14,3,7,1,5,1
demo,com.example.demo,TaskServiceImpl,60,11,2,0,12,3,6,1,5,1
demo,com.example.demo,Task,57,0,0,0,21,0,11,0,11,0
demo,com.example.demo,DemoApplication,5,3,0,0,2,1,1,1,1,1
demo,com.example.demo,VolunteerServiceImpl,10,120,4,4,3,25,3,9,0,8
demo,com.example.demo,WebConfig,0,41,0,0,0,6,0,2,0,2
demo,com.example.demo,Volunteer,97,42,0,0,32,15,19,4,19,4
